This is pdfTeX, Version 3.141592653-2.6-1.40.29 (TeX Live 2026) (preloaded format=pdflatex 2026.3.1)  20 MAY 2026 15:28
entering extended mode
 restricted \write18 enabled.
 file:line:error style messages enabled.
 %&-line parsing enabled.
**/Users/kylefram/Desktop/Cambridge/ACS/Project/filter_paper/main.tex
(/Users/kylefram/Desktop/Cambridge/ACS/Project/filter_paper/main.tex
LaTeX2e <2025-11-01>
L3 programming layer <2026-01-19>
(./cam-thesis.cls
Document Class: cam-thesis 2012/04/12 University of Cambridge thesis class

***********************************************
***********************************************

(/usr/local/texlive/2026/texmf-dist/tex/latex/base/report.cls
Document Class: report 2025/01/22 v1.4n Standard LaTeX document class
(/usr/local/texlive/2026/texmf-dist/tex/latex/base/size11.clo
File: size11.clo 2025/01/22 v1.4n Standard LaTeX file (size option)
)
\c@part=\count275
\c@chapter=\count276
\c@section=\count277
\c@subsection=\count278
\c@subsubsection=\count279
\c@paragraph=\count280
\c@subparagraph=\count281
\c@figure=\count282
\c@table=\count283
\abovecaptionskip=\skip49
\belowcaptionskip=\skip50
\bibindent=\dimen148
) (/usr/local/texlive/2026/texmf-dist/tex/latex/graphics/graphicx.sty
Package: graphicx 2024/12/31 v1.2e Enhanced LaTeX Graphics (DPC,SPQR)
 (/usr/local/texlive/2026/texmf-dist/tex/latex/graphics/keyval.sty
Package: keyval 2022/05/29 v1.15 key=value parser (DPC)
\KV@toks@=\toks17
) (/usr/local/texlive/2026/texmf-dist/tex/latex/graphics/graphics.sty
Package: graphics 2024/08/06 v1.4g Standard LaTeX Graphics (DPC,SPQR)
 (/usr/local/texlive/2026/texmf-dist/tex/latex/graphics/trig.sty
Package: trig 2023/12/02 v1.11 sin cos tan (DPC)
) (/usr/local/texlive/2026/texmf-dist/tex/latex/graphics-cfg/graphics.cfg
File: graphics.cfg 2016/06/04 v1.11 sample graphics configuration
)
Package graphics Info: Driver file: pdftex.def on input line 106.
 (/usr/local/texlive/2026/texmf-dist/tex/latex/graphics-def/pdftex.def
File: pdftex.def 2025/09/29 v1.2d Graphics/color driver for pdftex
))
\Gin@req@height=\dimen149
\Gin@req@width=\dimen150
) (/usr/local/texlive/2026/texmf-dist/tex/latex/tools/calc.sty
Package: calc 2025/03/01 v4.3b Infix arithmetic (KKT,FJ)
\calc@Acount=\count284
\calc@Bcount=\count285
\calc@Adimen=\dimen151
\calc@Bdimen=\dimen152
\calc@Askip=\skip51
\calc@Bskip=\skip52
LaTeX Info: Redefining \setlength on input line 86.
LaTeX Info: Redefining \addtolength on input line 87.
\calc@Ccount=\count286
\calc@Cskip=\skip53
) (/usr/local/texlive/2026/texmf-dist/tex/latex/setspace/setspace.sty
Package: setspace 2022/12/04 v6.7b set line spacing
) (/usr/local/texlive/2026/texmf-dist/tex/latex/microtype/microtype.sty
Package: microtype 2026/03/01 v3.2d Micro-typographical refinements (RS)
 (/usr/local/texlive/2026/texmf-dist/tex/latex/etoolbox/etoolbox.sty
Package: etoolbox 2025/10/02 v2.5m e-TeX tools for LaTeX (JAW)
\etb@tempcnta=\count287
)
\MT@toks=\toks18
\MT@tempbox=\box53
\MT@count=\count288
LaTeX Info: Redefining \noprotrusionifhmode on input line 1084.
LaTeX Info: Redefining \leftprotrusion on input line 1085.
\MT@prot@toks=\toks19
LaTeX Info: Redefining \rightprotrusion on input line 1104.
LaTeX Info: Redefining \textls on input line 1449.
\MT@outer@kern=\dimen153
LaTeX Info: Redefining \microtypecontext on input line 2053.
LaTeX Info: Redefining \textmicrotypecontext on input line 2070.
\MT@listname@count=\count289
 (/usr/local/texlive/2026/texmf-dist/tex/latex/microtype/microtype-pdftex.def
File: microtype-pdftex.def 2026/03/01 v3.2d Definitions specific to pdftex (RS)
LaTeX Info: Redefining \lsstyle on input line 944.
LaTeX Info: Redefining \lslig on input line 944.
\MT@outer@space=\skip54
)
Package microtype Info: Loading configuration file microtype.cfg.
 (/usr/local/texlive/2026/texmf-dist/tex/latex/microtype/microtype.cfg
File: microtype.cfg 2026/03/01 v3.2d microtype main configuration file (RS)
)
LaTeX Info: Redefining \microtypesetup on input line 3065.
) (/usr/local/texlive/2026/texmf-dist/tex/latex/hyperref/hyperref.sty
Package: hyperref 2026-01-29 v7.01p Hypertext links for LaTeX
 (/usr/local/texlive/2026/texmf-dist/tex/generic/iftex/iftex.sty
Package: iftex 2024/12/12 v1.0g TeX engine tests
) (/usr/local/texlive/2026/texmf-dist/tex/latex/kvsetkeys/kvsetkeys.sty
Package: kvsetkeys 2022-10-05 v1.19 Key value parser (HO)
) (/usr/local/texlive/2026/texmf-dist/tex/generic/kvdefinekeys/kvdefinekeys.sty
Package: kvdefinekeys 2019-12-19 v1.6 Define keys (HO)
) (/usr/local/texlive/2026/texmf-dist/tex/generic/pdfescape/pdfescape.sty
Package: pdfescape 2019/12/09 v1.15 Implements pdfTeX's escape features (HO)
 (/usr/local/texlive/2026/texmf-dist/tex/generic/ltxcmds/ltxcmds.sty
Package: ltxcmds 2023-12-04 v1.26 LaTeX kernel commands for general use (HO)
) (/usr/local/texlive/2026/texmf-dist/tex/generic/pdftexcmds/pdftexcmds.sty
Package: pdftexcmds 2020-06-27 v0.33 Utility functions of pdfTeX for LuaTeX (HO)
 (/usr/local/texlive/2026/texmf-dist/tex/generic/infwarerr/infwarerr.sty
Package: infwarerr 2019/12/03 v1.5 Providing info/warning/error messages (HO)
)
Package pdftexcmds Info: \pdf@primitive is available.
Package pdftexcmds Info: \pdf@ifprimitive is available.
Package pdftexcmds Info: \pdfdraftmode found.
)) (/usr/local/texlive/2026/texmf-dist/tex/latex/hycolor/hycolor.sty
Package: hycolor 2020-01-27 v1.10 Color options for hyperref/bookmark (HO)
) (/usr/local/texlive/2026/texmf-dist/tex/latex/hyperref/nameref.sty
Package: nameref 2026-01-29 v2.58 Cross-referencing by name of section
 (/usr/local/texlive/2026/texmf-dist/tex/latex/refcount/refcount.sty
Package: refcount 2019/12/15 v3.6 Data extraction from label references (HO)
) (/usr/local/texlive/2026/texmf-dist/tex/generic/gettitlestring/gettitlestring.sty
Package: gettitlestring 2019/12/15 v1.6 Cleanup title references (HO)
 (/usr/local/texlive/2026/texmf-dist/tex/latex/kvoptions/kvoptions.sty
Package: kvoptions 2022-06-15 v3.15 Key value format for package options (HO)
))
\c@section@level=\count290
) (/usr/local/texlive/2026/texmf-dist/tex/generic/stringenc/stringenc.sty
Package: stringenc 2019/11/29 v1.12 Convert strings between diff. encodings (HO)
)
\@linkdim=\dimen154
\Hy@linkcounter=\count291
\Hy@pagecounter=\count292
 (/usr/local/texlive/2026/texmf-dist/tex/latex/hyperref/pd1enc.def
File: pd1enc.def 2026-01-29 v7.01p Hyperref: PDFDocEncoding definition (HO)
Now handling font encoding PD1 ...
... no UTF-8 mapping file for font encoding PD1
) (/usr/local/texlive/2026/texmf-dist/tex/generic/intcalc/intcalc.sty
Package: intcalc 2019/12/15 v1.3 Expandable calculations with integers (HO)
)
\Hy@SavedSpaceFactor=\count293
 (/usr/local/texlive/2026/texmf-dist/tex/latex/hyperref/puenc.def
File: puenc.def 2026-01-29 v7.01p Hyperref: PDF Unicode definition (HO)
Now handling font encoding PU ...
... no UTF-8 mapping file for font encoding PU
)
Package hyperref Info: Option `pdfpagelabels' set `false' on input line 4072.
Package hyperref Info: Option `pdfusetitle' set `true' on input line 4072.
Package hyperref Info: Hyper figures OFF on input line 4201.
Package hyperref Info: Link nesting OFF on input line 4206.
Package hyperref Info: Hyper index ON on input line 4209.
Package hyperref Info: Plain pages OFF on input line 4216.
Package hyperref Info: Backreferencing OFF on input line 4221.
Package hyperref Info: Implicit mode ON; LaTeX internals redefined.
Package hyperref Info: Bookmarks ON on input line 4468.
\c@Hy@tempcnt=\count294
 (/usr/local/texlive/2026/texmf-dist/tex/latex/url/url.sty
\Urlmuskip=\muskip17
Package: url 2013/09/16  ver 3.4  Verb mode for urls, etc.
)
LaTeX Info: Redefining \url on input line 4807.
\XeTeXLinkMargin=\dimen155
 (/usr/local/texlive/2026/texmf-dist/tex/generic/bitset/bitset.sty
Package: bitset 2019/12/09 v1.3 Handle bit-vector datatype (HO)
 (/usr/local/texlive/2026/texmf-dist/tex/generic/bigintcalc/bigintcalc.sty
Package: bigintcalc 2019/12/15 v1.5 Expandable calculations on big integers (HO)
))
\Fld@menulength=\count295
\Field@Width=\dimen156
\Fld@charsize=\dimen157
Package hyperref Info: Hyper figures OFF on input line 6084.
Package hyperref Info: Link nesting OFF on input line 6089.
Package hyperref Info: Hyper index ON on input line 6092.
Package hyperref Info: backreferencing OFF on input line 6099.
Package hyperref Info: Link coloring OFF on input line 6104.
Package hyperref Info: Link coloring with OCG OFF on input line 6109.
Package hyperref Info: PDF/A mode OFF on input line 6114.
\c@Item=\count296
\c@Hfootnote=\count297
)
Package hyperref Info: Driver (autodetected): hpdftex.
 (/usr/local/texlive/2026/texmf-dist/tex/latex/hyperref/hpdftex.def
File: hpdftex.def 2026-01-29 v7.01p Hyperref driver for pdfTeX
\Fld@listcount=\count298
\c@bookmark@seq@number=\count299
 (/usr/local/texlive/2026/texmf-dist/tex/latex/rerunfilecheck/rerunfilecheck.sty
Package: rerunfilecheck 2025-06-21 v1.11 Rerun checks for auxiliary files (HO)
 (/usr/local/texlive/2026/texmf-dist/tex/generic/uniquecounter/uniquecounter.sty
Package: uniquecounter 2019/12/15 v1.4 Provide unlimited unique counter (HO)
)
Package uniquecounter Info: New unique counter `rerunfilecheck' on input line 284.
)
\Hy@SectionHShift=\skip55
) (/usr/local/texlive/2026/texmf-dist/tex/latex/hypcap/hypcap.sty
Package: hypcap 2024-07-26 v1.13 Adjusting the anchors of captions (HO)
 (/usr/local/texlive/2026/texmf-dist/tex/latex/letltxmacro/letltxmacro.sty
Package: letltxmacro 2019/12/03 v1.6 Let assignment for LaTeX macros (HO)
)) (/usr/local/texlive/2026/texmf-dist/tex/latex/base/makeidx.sty
Package: makeidx 2021/10/04 v1.0m Standard LaTeX package
)
\@indexfile=\write3
\openout3 = `main.idx'.


Writing index file main.idx
(/usr/local/texlive/2026/texmf-dist/tex/latex/glossaries/base/glossaries.sty
Package: glossaries 2025/11/09 v4.9 (NLCT)
 (/usr/local/texlive/2026/texmf-dist/tex/latex/base/ifthen.sty
Package: ifthen 2024/03/16 v1.1e Standard LaTeX ifthen package (DPC)
) (/usr/local/texlive/2026/texmf-dist/tex/latex/xkeyval/xkeyval.sty
Package: xkeyval 2025/11/04 v2.10 package option processing (HA)
 (/usr/local/texlive/2026/texmf-dist/tex/generic/xkeyval/xkeyval.tex (/usr/local/texlive/2026/texmf-dist/tex/generic/xkeyval/xkvutils.tex
\XKV@toks=\toks20
\XKV@tempa@toks=\toks21
\XKV@tempb@toks=\toks22
)
\XKV@depth=\count300
File: xkeyval.tex 2014/12/03 v2.7a key=value parser (HA)
)) (/usr/local/texlive/2026/texmf-dist/tex/latex/mfirstuc/mfirstuc.sty
Package: mfirstuc 2025/04/03 v2.09 (NLCT)
\@glsmfirst=\toks23
\@glsmrest=\toks24
) (/usr/local/texlive/2026/texmf-dist/tex/latex/xfor/xfor.sty
Package: xfor 2009/02/05 v1.05 (NLCT)
) (/usr/local/texlive/2026/texmf-dist/tex/latex/amsmath/amsgen.sty
File: amsgen.sty 1999/11/30 v2.0 generic functions
\@emptytoks=\toks25
\ex@=\dimen158
) (/usr/local/texlive/2026/texmf-dist/tex/latex/datatool/datatool-base.sty
Package: datatool-base 2025/12/04 v3.4.3 (NLCT)
 (/usr/local/texlive/2026/texmf-dist/tex/latex/amsmath/amsmath.sty
Package: amsmath 2025/07/09 v2.17z AMS math features
\@mathmargin=\skip56

For additional information on amsmath, use the `?' option.
(/usr/local/texlive/2026/texmf-dist/tex/latex/amsmath/amstext.sty
Package: amstext 2024/11/17 v2.01 AMS text
) (/usr/local/texlive/2026/texmf-dist/tex/latex/amsmath/amsbsy.sty
Package: amsbsy 1999/11/29 v1.2d Bold Symbols
\pmbraise@=\dimen159
) (/usr/local/texlive/2026/texmf-dist/tex/latex/amsmath/amsopn.sty
Package: amsopn 2022/04/08 v2.04 operator names
)
\inf@bad=\count301
LaTeX Info: Redefining \frac on input line 233.
\uproot@=\count302
\leftroot@=\count303
LaTeX Info: Redefining \overline on input line 398.
LaTeX Info: Redefining \colon on input line 409.
\classnum@=\count304
\DOTSCASE@=\count305
LaTeX Info: Redefining \ldots on input line 495.
LaTeX Info: Redefining \dots on input line 498.
LaTeX Info: Redefining \cdots on input line 619.
\Mathstrutbox@=\box54
\strutbox@=\box55
LaTeX Info: Redefining \big on input line 721.
LaTeX Info: Redefining \Big on input line 722.
LaTeX Info: Redefining \bigg on input line 723.
LaTeX Info: Redefining \Bigg on input line 724.
\big@size=\dimen160
LaTeX Font Info:    Redeclaring font encoding OML on input line 742.
LaTeX Font Info:    Redeclaring font encoding OMS on input line 743.
\macc@depth=\count306
LaTeX Info: Redefining \bmod on input line 904.
LaTeX Info: Redefining \pmod on input line 909.
LaTeX Info: Redefining \smash on input line 939.
LaTeX Info: Redefining \relbar on input line 969.
LaTeX Info: Redefining \Relbar on input line 970.
\c@MaxMatrixCols=\count307
\dotsspace@=\muskip18
\c@parentequation=\count308
\dspbrk@lvl=\count309
\tag@help=\toks26
\row@=\count310
\column@=\count311
\maxfields@=\count312
\andhelp@=\toks27
\eqnshift@=\dimen161
\alignsep@=\dimen162
\tagshift@=\dimen163
\tagwidth@=\dimen164
\totwidth@=\dimen165
\lineht@=\dimen166
\@envbody=\toks28
\multlinegap=\skip57
\multlinetaggap=\skip58
\mathdisplay@stack=\toks29
LaTeX Info: Redefining \[ on input line 2950.
LaTeX Info: Redefining \] on input line 2951.
) (/usr/local/texlive/2026/texmf-dist/tex/latex/tracklang/tracklang.sty
Package: tracklang 2025/03/11 v1.6.6 (NLCT) Track Languages
 (/usr/local/texlive/2026/texmf-dist/tex/generic/tracklang/tracklang.tex))
\l__datatool_tmpa_int=\count313
\l__datatool_tmpb_int=\count314
\l__datatool_tmpc_int=\count315
\l__datatool_tmpd_int=\count316
\l__datatool_count_int=\count317
\l__datatool_tmp_datatype_int=\count318
\l__datatool_tmpa_dim=\dimen167
\l__datatool_tmpb_dim=\dimen168
 (/usr/local/texlive/2026/texmf-dist/tex/latex/datatool/datatool-l3fp.def
File: datatool-l3fp.def 2025/12/04 v3.4.3 (NLCT)
)
\@dtl@toks=\toks30
\@dtl@tmpcount=\count319
\dtl@tmplength=\skip59
\l__datatool_measure_box=\box56
\dtl@sortresult=\count320
 (/usr/local/texlive/2026/texmf-dist/tex/latex/datatool/datatool-utf8.ldf
File: datatool-utf8.ldf 2025/12/04 v3.4.3 (NLCT)
)
\@dtl@datatype=\count321
\c_datatool_unknown_int=\count322
\l__datatool_year_int=\count323
\l__datatool_month_int=\count324
\l__datatool_day_int=\count325
\l__datatool_hour_int=\count326
\l__datatool_minute_int=\count327
\l__datatool_second_int=\count328
\l__datatool_tzhour_int=\count329
\l__datatool_tzminute_int=\count330
\l__datatool_julian_int=\count331
\l__datatool_local_julian_int=\count332
\l__datatool_prefix_int=\count333
\l__datatool_suffix_int=\count334
\@dtl@foreach@level=\count335
\dtl@codeA=\count336
\dtl@codeB=\count337
)
\gls@level=\count338
\@gls@tmpb=\toks31
\gls@tmplen=\skip60
\l__glossaries_tmpa_dim=\dimen169
\l__glossaries_tmpb_dim=\dimen170
\glskeylisttok=\toks32
\glslabeltok=\toks33
\glsshorttok=\toks34
\glslongtok=\toks35
 (/usr/local/texlive/2026/texmf-dist/tex/latex/glossaries/styles/glossary-hypernav.sty
Package: glossary-hypernav 2025/11/09 v4.9 (NLCT)
) (/usr/local/texlive/2026/texmf-dist/tex/latex/glossaries/styles/glossary-list.sty
Package: glossary-list 2025/11/09 v4.9 (NLCT)
\glslistdottedwidth=\skip61
) (/usr/local/texlive/2026/texmf-dist/tex/latex/glossaries/styles/glossary-long.sty
Package: glossary-long 2025/11/09 v4.9 (NLCT)
 (/usr/local/texlive/2026/texmf-dist/tex/latex/tools/longtable.sty
Package: longtable 2025-10-13 v4.24 Multi-page Table package (DPC)
\LTleft=\skip62
\LTright=\skip63
\LTpre=\skip64
\LTpost=\skip65
\LTchunksize=\count339
\LTcapwidth=\dimen171
\LT@head=\box57
\LT@firsthead=\box58
\LT@foot=\box59
\LT@lastfoot=\box60
\LT@gbox=\box61
\LT@cols=\count340
\LT@rows=\count341
\c@LT@tables=\count342
\c@LT@chunks=\count343
\LT@p@ftn=\toks36
)
\glsdescwidth=\skip66
\glspagelistwidth=\skip67
) (/usr/local/texlive/2026/texmf-dist/tex/latex/glossaries/styles/glossary-super.sty
Package: glossary-super 2025/11/09 v4.9 (NLCT)
 (/usr/local/texlive/2026/texmf-dist/tex/latex/supertabular/supertabular.sty
Package: supertabular 2025/06/26 v4.2d the supertabular environment
\c@tracingst=\count344
\ST@wd=\dimen172
\ST@rightskip=\skip68
\ST@leftskip=\skip69
\ST@parfillskip=\skip70
\ST@pageleft=\dimen173
\ST@headht=\dimen174
\ST@tailht=\dimen175
\ST@pagesofar=\dimen176
\ST@pboxht=\dimen177
\ST@rowht=\dimen178
\ST@prevht=\dimen179
\ST@toadd=\dimen180
\ST@dimen=\dimen181
\ST@pbox=\box62
)) (/usr/local/texlive/2026/texmf-dist/tex/latex/glossaries/styles/glossary-tree.sty
Package: glossary-tree 2025/11/09 v4.9 (NLCT)
\l__glossaries_tree_max_known_level_int=\count345
\l__glossaries_tree_offset_dim=\dimen182
\l__glossaries_tree_namewidth_dim=\dimen183
\l__glossaries_tree_symbolwidth_dim=\dimen184
\l__glossaries_tree_prenamesym_width_dim=\dimen185
\l__glossaries_tree_presubnamesym_width_dim=\dimen186
\l__glossaries_tree_namewidth_padding_dim=\dimen187
\l__glossaries_tree_symbolwidth_padding_dim=\dimen188
\l__glossaries_tree_namesymbolwidth_dim=\dimen189
\l__glossaries_tree_namesymbolwidth_padding_dim=\dimen190
\l__glossaries_tree_level_int=\count346
\glstreeindent=\skip71
))
\glswrite=\write4
\glo@main@file=\write5
\openout5 = `main.glo'.

Package glossaries Info: Writing glossary file main.glo on input line 154.
\cam@topmargin=\skip72
\cam@bottommargin=\skip73
) (/usr/local/texlive/2026/texmf-dist/tex/latex/natbib/natbib.sty
Package: natbib 2010/09/13 8.31b (PWD, AO)
\bibhang=\skip74
\bibsep=\skip75
LaTeX Info: Redefining \cite on input line 694.
\c@NAT@ctr=\count347
) (/usr/local/texlive/2026/texmf-dist/tex/latex/tools/multicol.sty
Package: multicol 2025/10/21 v2.0b multicolumn formatting (FMi)
\c@tracingmulticols=\count348
\mult@box=\box63
\multicol@leftmargin=\dimen191
\c@unbalance=\count349
\c@collectmore=\count350
\doublecol@number=\count351
\multicoltolerance=\count352
\multicolpretolerance=\count353
\full@width=\dimen192
\page@free=\dimen193
\premulticols=\dimen194
\postmulticols=\dimen195
\multicolsep=\skip76
\multicolbaselineskip=\skip77
\partial@page=\box64
\last@line=\box65
\mc@boxedresult=\box66
\maxbalancingoverflow=\dimen196
\mult@rightbox=\box67
\mult@grightbox=\box68
\mult@firstbox=\box69
\mult@gfirstbox=\box70
\@tempa=\box71
\@tempa=\box72
\@tempa=\box73
\@tempa=\box74
\@tempa=\box75
\@tempa=\box76
\@tempa=\box77
\@tempa=\box78
\@tempa=\box79
\@tempa=\box80
\@tempa=\box81
\@tempa=\box82
\@tempa=\box83
\@tempa=\box84
\@tempa=\box85
\@tempa=\box86
\@tempa=\box87
\@tempa=\box88
\@tempa=\box89
\@tempa=\box90
\@tempa=\box91
\@tempa=\box92
\@tempa=\box93
\@tempa=\box94
\@tempa=\box95
\@tempa=\box96
\@tempa=\box97
\@tempa=\box98
\@tempa=\box99
\@tempa=\box100
\@tempa=\box101
\@tempa=\box102
\@tempa=\box103
\@tempa=\box104
\@tempa=\box105
\@tempa=\box106
\c@minrows=\count354
\c@columnbadness=\count355
\c@finalcolumnbadness=\count356
\last@try=\dimen197
\multicolovershoot=\dimen198
\multicolundershoot=\dimen199
\mult@nat@firstbox=\box107
\colbreak@box=\box108
\mc@col@check@num=\count357
\g__mc_curr_col_int=\count358
) (/usr/local/texlive/2026/texmf-dist/tex/latex/booktabs/booktabs.sty
Package: booktabs 2020/01/12 v1.61803398 Publication quality tables
\heavyrulewidth=\dimen256
\lightrulewidth=\dimen257
\cmidrulewidth=\dimen258
\belowrulesep=\dimen259
\belowbottomsep=\dimen260
\aboverulesep=\dimen261
\abovetopsep=\dimen262
\cmidrulesep=\dimen263
\cmidrulekern=\dimen264
\defaultaddspace=\dimen265
\@cmidla=\count359
\@cmidlb=\count360
\@aboverulesep=\dimen266
\@belowrulesep=\dimen267
\@thisruleclass=\count361
\@lastruleclass=\count362
\@thisrulewidth=\dimen268
) (/usr/local/texlive/2026/texmf-dist/tex/latex/caption/caption.sty
Package: caption 2023/08/05 v3.6o Customizing captions (AR)
 (/usr/local/texlive/2026/texmf-dist/tex/latex/caption/caption3.sty
Package: caption3 2023/07/31 v2.4d caption3 kernel (AR)
\caption@tempdima=\dimen269
\captionmargin=\dimen270
\caption@leftmargin=\dimen271
\caption@rightmargin=\dimen272
\caption@width=\dimen273
\caption@indent=\dimen274
\caption@parindent=\dimen275
\caption@hangindent=\dimen276
Package caption Info: Standard document class detected.
)
\c@caption@flags=\count363
\c@continuedfloat=\count364
Package caption Info: hyperref package is loaded.
Package caption Info: hypcap package is loaded.
Package caption Info: longtable package is loaded.
 (/usr/local/texlive/2026/texmf-dist/tex/latex/caption/ltcaption.sty
Package: ltcaption 2021/01/08 v1.4c longtable captions (AR)
)
Package caption Info: supertabular package is loaded.
) (/usr/local/texlive/2026/texmf-dist/tex/latex/multirow/multirow.sty
Package: multirow 2024/11/12 v2.9 Span multiple rows of a table
\multirow@colwidth=\skip78
\multirow@cntb=\count365
\multirow@dima=\skip79
\bigstrutjot=\dimen277
) (/usr/local/texlive/2026/texmf-dist/tex/latex/xcolor/xcolor.sty
Package: xcolor 2024/09/29 v3.02 LaTeX color extensions (UK)
 (/usr/local/texlive/2026/texmf-dist/tex/latex/graphics-cfg/color.cfg
File: color.cfg 2016/01/02 v1.6 sample color configuration
)
Package xcolor Info: Driver file: pdftex.def on input line 274.
 (/usr/local/texlive/2026/texmf-dist/tex/latex/graphics/mathcolor.ltx)
Package xcolor Info: Model `cmy' substituted by `cmy0' on input line 1349.
Package xcolor Info: Model `hsb' substituted by `rgb' on input line 1353.
Package xcolor Info: Model `RGB' extended on input line 1365.
Package xcolor Info: Model `HTML' substituted by `rgb' on input line 1367.
Package xcolor Info: Model `Hsb' substituted by `hsb' on input line 1368.
Package xcolor Info: Model `tHsb' substituted by `hsb' on input line 1369.
Package xcolor Info: Model `HSB' substituted by `hsb' on input line 1370.
Package xcolor Info: Model `Gray' substituted by `gray' on input line 1371.
Package xcolor Info: Model `wave' substituted by `hsb' on input line 1372.
) (/usr/local/texlive/2026/texmf-dist/tex/latex/float/float.sty
Package: float 2001/11/08 v1.3d Float enhancements (AL)
\c@float@type=\count366
\float@exts=\toks37
\float@box=\box109
\@float@everytoks=\toks38
\@floatcapt=\box110
) (/usr/local/texlive/2026/texmf-dist/tex/latex/breqn/breqn.sty (/usr/local/texlive/2026/texmf-dist/tex/latex/l3kernel/expl3.sty
Package: expl3 2026-01-19 L3 programming layer (loader) 
 (/usr/local/texlive/2026/texmf-dist/tex/latex/l3backend/l3backend-pdftex.def
File: l3backend-pdftex.def 2025-10-09 L3 backend support: PDF output (pdfTeX)
\l__color_backend_stack_int=\count367
))
Package: breqn 2021/10/28 v0.98l Breaking equations
 (/usr/local/texlive/2026/texmf-dist/tex/latex/breqn/flexisym.sty
Package: flexisym 2021/10/28 v0.98l Make math characters macros
LaTeX Info: Redefining \textprime on input line 299.
LaTeX Info: Redefining \not on input line 357.
 (/usr/local/texlive/2026/texmf-dist/tex/latex/breqn/cmbase.sym
File: cmbase.sym 2007/12/19 v0.92
LaTeX Info: Redefining \hbar on input line 324.
LaTeX Info: Redefining \surd on input line 326.
LaTeX Info: Redefining \angle on input line 334.
LaTeX Info: Redefining \neq on input line 335.
LaTeX Info: Redefining \mapsto on input line 336.
LaTeX Info: Redefining \cong on input line 337.
LaTeX Info: Redefining \notin on input line 340.
LaTeX Info: Redefining \rightleftharpoons on input line 341.
LaTeX Info: Redefining \doteq on input line 342.
LaTeX Info: Redefining \hookrightarrow on input line 343.
LaTeX Info: Redefining \hookleftarrow on input line 344.
LaTeX Info: Redefining \bowtie on input line 345.
LaTeX Info: Redefining \models on input line 346.
LaTeX Info: Redefining \Longrightarrow on input line 347.
LaTeX Info: Redefining \longrightarrow on input line 348.
LaTeX Info: Redefining \Longleftarrow on input line 349.
LaTeX Info: Redefining \longleftarrow on input line 350.
LaTeX Info: Redefining \longmapsto on input line 351.
LaTeX Info: Redefining \longleftrightarrow on input line 352.
LaTeX Info: Redefining \Longleftrightarrow on input line 353.
LaTeX Info: Redefining \cdots on input line 357.
LaTeX Info: Redefining \vdots on input line 360.
LaTeX Info: Redefining \ddots on input line 365.
) (/usr/local/texlive/2026/texmf-dist/tex/latex/breqn/mathstyle.sty
Package: mathstyle 2021/10/28 v0.98l Tracking mathstyle implicitly
LaTeX Info: Redefining \displaystyle on input line 95.
LaTeX Info: Redefining \textstyle on input line 97.
LaTeX Info: Redefining \scriptstyle on input line 99.
LaTeX Info: Redefining \scriptscriptstyle on input line 101.
LaTeX Info: Redefining \genfrac on input line 149.
))
\inf@bad=\count368
\maxint=\count369
\listwidth=\dimen278
\eqnumsep=\dimen279
\eqmargin=\dimen280
\eqlinespacing=\skip80
\eqlineskip=\skip81
\eqlineskiplimit=\dimen281
\eqbinoffset=\muskip19
\eqdelimoffset=\muskip20
\eqindentstep=\dimen282
\eqstyle=\toks39
\eqbreakdepth=\count370
\eqinterlinepenalty=\count371
\intereqpenalty=\count372
\intereqskip=\skip82
\prerelpenalty=\count373
\prebinoppenalty=\count374
\Dmedmuskip=\muskip21
\Dthickmuskip=\muskip22
\eqleftskip=\skip83
\eqrightskip=\skip84
\eq@vspan=\skip85
\eq@binoffset=\muskip23
\EQ@box=\box111
\EQ@copy=\box112
\EQ@numbox=\box113
\eq@wdNum=\dimen283
\GRP@numbox=\box114
\grp@wdNum=\dimen284
\eq@lines=\count375
\eq@curline=\count376
\eq@badness=\count377
\EQ@vims=\count378
\eq@dp=\dimen285
\eq@wdL=\dimen286
\eq@wdT=\dimen287
\eq@wdMin=\dimen288
\grp@wdL=\dimen289
\grp@wdR=\dimen290
\grp@wdT=\dimen291
\eq@wdRmax=\dimen292
\eq@firstht=\dimen293
\eq@wdCond=\dimen294
\eq@indentstep=\dimen295
\eq@linewidth=\dimen296
\grp@linewidth=\dimen297
\eq@hshift=\dimen298
\eq@given@sidespace=\dimen299
\mathindent=\dimen300
\eq@final@linecount=\count379
\eq@wdR=\dimen301
\EQ@continue=\toks40
\lr@level=\count380
\GRP@queue=\toks41
\GRP@box=\box115
\GRP@wholebox=\box116
\darraycolsep=\skip86
\cur@row=\count381
\cur@col=\count382
\conditionsep=\skip87
) (./main.aux)
\openout1 = `main.aux'.

LaTeX Font Info:    Checking defaults for OML/cmm/m/it on input line 18.
LaTeX Font Info:    ... okay on input line 18.
LaTeX Font Info:    Checking defaults for OMS/cmsy/m/n on input line 18.
LaTeX Font Info:    ... okay on input line 18.
LaTeX Font Info:    Checking defaults for OT1/cmr/m/n on input line 18.
LaTeX Font Info:    ... okay on input line 18.
LaTeX Font Info:    Checking defaults for T1/cmr/m/n on input line 18.
LaTeX Font Info:    ... okay on input line 18.
LaTeX Font Info:    Checking defaults for TS1/cmr/m/n on input line 18.
LaTeX Font Info:    ... okay on input line 18.
LaTeX Font Info:    Checking defaults for OMX/cmex/m/n on input line 18.
LaTeX Font Info:    ... okay on input line 18.
LaTeX Font Info:    Checking defaults for U/cmr/m/n on input line 18.
LaTeX Font Info:    ... okay on input line 18.
LaTeX Font Info:    Checking defaults for PD1/pdf/m/n on input line 18.
LaTeX Font Info:    ... okay on input line 18.
LaTeX Font Info:    Checking defaults for PU/pdf/m/n on input line 18.
LaTeX Font Info:    ... okay on input line 18.
 (/usr/local/texlive/2026/texmf-dist/tex/context/base/mkii/supp-pdf.mkii
[Loading MPS to PDF converter (version 2006.09.02).]
\scratchcounter=\count383
\scratchdimen=\dimen302
\scratchbox=\box117
\nofMPsegments=\count384
\nofMParguments=\count385
\everyMPshowfont=\toks42
\MPscratchCnt=\count386
\MPscratchDim=\dimen303
\MPnumerator=\count387
\makeMPintoPDFobject=\count388
\everyMPtoPDFconversion=\toks43
) (/usr/local/texlive/2026/texmf-dist/tex/latex/epstopdf-pkg/epstopdf-base.sty
Package: epstopdf-base 2020-01-24 v2.11 Base part for package epstopdf
Package epstopdf-base Info: Redefining graphics rule for `.eps' on input line 485.
 (/usr/local/texlive/2026/texmf-dist/tex/latex/latexconfig/epstopdf-sys.cfg
File: epstopdf-sys.cfg 2010/07/13 v1.3 Configuration of (r)epstopdf for TeX Live
))
LaTeX Info: Redefining \microtypecontext on input line 18.
Package microtype Info: Applying patch `item' on input line 18.
Package microtype Info: Applying patch `toc' on input line 18.
Package microtype Info: Applying patch `eqnum' on input line 18.
Package microtype Info: Applying patch `footnote' on input line 18.
Package microtype Info: Applying patch `verbatim' on input line 18.
LaTeX Info: Redefining \microtypesetup on input line 18.
Package microtype Info: Generating PDF output.
Package microtype Info: Character protrusion enabled (level 2).
Package microtype Info: Using default protrusion set `alltext'.
Package microtype Info: Automatic font expansion enabled (level 2),
(microtype)             stretch: 20, shrink: 20, step: 1, non-selected.
Package microtype Info: Using default expansion set `alltext-nott'.
Package microtype Info: Patching command `\showhyphens'.
Package microtype Info: No adjustment of tracking.
Package microtype Info: No adjustment of interword spacing.
Package microtype Info: No adjustment of character kerning.
 (/usr/local/texlive/2026/texmf-dist/tex/latex/microtype/mt-cmr.cfg
File: mt-cmr.cfg 2013/05/19 v2.2 microtype config. file: Computer Modern Roman (RS)
)
Package hyperref Info: Link coloring OFF on input line 18.
 (./main.out) (./main.out)
\@outlinefile=\write6
\openout6 = `main.out'.

Package caption Info: Begin \AtBeginDocument code.
Package caption Info: float package is loaded.
Package caption Info: End \AtBeginDocument code.
 (./sections/0_abstract.tex
<media/CST.jpg, id=95, 185.2521pt x 70.8246pt>
File: media/CST.jpg Graphic file (type jpg)
<use media/CST.jpg>
Package pdftex.def Info: media/CST.jpg  used on input line 6.
(pdftex.def)             Requested size: 170.71652pt x 65.26746pt.


LaTeX Font Warning: Font shape `OT1/cmr/bx/n' in size <20> not available
(Font)              size <20.74> substituted on input line 18.


LaTeX Font Warning: Font shape `OT1/cmr/m/n' in size <24> not available
(Font)              size <24.88> substituted on input line 26.

<media/front_page_plot2.png, id=96, 1156.32pt x 433.62pt>
File: media/front_page_plot2.png Graphic file (type png)
<use media/front_page_plot2.png>
Package pdftex.def Info: media/front_page_plot2.png  used on input line 35.
(pdftex.def)             Requested size: 455.24411pt x 170.71231pt.
[1

\openout4 = `main.ist'.

{/usr/local/texlive/2026/texmf-var/fonts/map/pdftex/updmap/pdftex.map} <./media/CST.jpg> <./media/front_page_plot2.png>]
pdfTeX warning (ext4): destination with the same identifier (name{page.1}) has been already used, duplicate ignored
<to be read again> 
                   \relax 
l.66 \end{abstract}
                    [1]) (./sections/1_intro.tex) (./sections/2_related_work.tex
pdfTeX warning (ext4): destination with the same identifier (name{page.1}) has been already used, duplicate ignored
<to be read again> 
                   \relax 
l.7 
     [1]) (./sections/3_method.tex [2]
<media/E036_Spec.jpg, id=190, 715.67375pt x 553.06625pt>
File: media/E036_Spec.jpg Graphic file (type jpg)
<use media/E036_Spec.jpg>
Package pdftex.def Info: media/E036_Spec.jpg  used on input line 51.
(pdftex.def)             Requested size: 222.62206pt x 172.03949pt.
<media/E036.png, id=191, 722.7pt x 361.35pt>
File: media/E036.png Graphic file (type png)
<use media/E036.png>
Package pdftex.def Info: media/E036.png  used on input line 59.
(pdftex.def)             Requested size: 222.62206pt x 111.31158pt.
 [3 <./media/E036_Spec.jpg>]
<media/RaspberryPi_trans.png, id=204, 803.0pt x 513.92pt>
File: media/RaspberryPi_trans.png Graphic file (type png)
<use media/RaspberryPi_trans.png>
Package pdftex.def Info: media/RaspberryPi_trans.png  used on input line 67.
(pdftex.def)             Requested size: 222.62206pt x 142.47725pt.
<media/Gels.jpeg, id=206, 728.4816pt x 971.3088pt>
File: media/Gels.jpeg Graphic file (type jpg)
<use media/Gels.jpeg>
Package pdftex.def Info: media/Gels.jpeg  used on input line 76.
(pdftex.def)             Requested size: 222.62206pt x 296.81937pt.
<media/304.png, id=207, 722.7pt x 361.35pt>
File: media/304.png Graphic file (type png)
<use media/304.png>
Package pdftex.def Info: media/304.png  used on input line 86.
(pdftex.def)             Requested size: 222.62206pt x 111.31158pt.
<media/measure2labeled.jpeg, id=208, 3035.34pt x 4047.12pt>
File: media/measure2labeled.jpeg Graphic file (type jpg)
<use media/measure2labeled.jpeg>
Package pdftex.def Info: media/measure2labeled.jpeg  used on input line 94.
(pdftex.def)             Requested size: 222.62206pt x 296.78972pt.
 [4{/usr/local/texlive/2026/texmf-dist/fonts/enc/dvips/cm-super/cm-super-ts1.enc} <./media/E036.png> <./media/RaspberryPi_trans.png> <./media/Gels.jpeg>]
<media/Measure3.jpeg, id=220, 846.2817pt x 394.8351pt>
File: media/Measure3.jpeg Graphic file (type jpg)
<use media/Measure3.jpeg>
Package pdftex.def Info: media/Measure3.jpeg  used on input line 102.
(pdftex.def)             Requested size: 222.62206pt x 103.86566pt.
<media/Cave_DataCollection.png, id=224, 1225.2174pt x 661.5114pt>
File: media/Cave_DataCollection.png Graphic file (type png)
<use media/Cave_DataCollection.png>
Package pdftex.def Info: media/Cave_DataCollection.png  used on input line 112.
(pdftex.def)             Requested size: 222.62206pt x 120.19742pt.
<media/spectralLab.jpeg, id=227, 728.4816pt x 971.3088pt>
File: media/spectralLab.jpeg Graphic file (type jpg)
<use media/spectralLab.jpeg>
Package pdftex.def Info: media/spectralLab.jpeg  used on input line 120.
(pdftex.def)             Requested size: 222.62206pt x 296.81937pt.
 [5 <./media/304.png> <./media/measure2labeled.jpeg> <./media/Measure3.jpeg> <./media/Cave_DataCollection.png>]
<media/398.jpg, id=243, 963.6pt x 542.025pt>
File: media/398.jpg Graphic file (type jpg)
<use media/398.jpg>
Package pdftex.def Info: media/398.jpg  used on input line 129.
(pdftex.def)             Requested size: 222.62206pt x 125.21725pt.
<media/items.jpeg, id=244, 971.3088pt x 728.4816pt>
File: media/items.jpeg Graphic file (type jpg)
<use media/items.jpeg>
Package pdftex.def Info: media/items.jpeg  used on input line 136.
(pdftex.def)             Requested size: 222.62206pt x 166.95811pt.
<media/Spectrophotometer2.jpeg, id=245, 728.4816pt x 971.3088pt>
File: media/Spectrophotometer2.jpeg Graphic file (type jpg)
<use media/Spectrophotometer2.jpeg>
Package pdftex.def Info: media/Spectrophotometer2.jpeg  used on input line 144.
(pdftex.def)             Requested size: 222.62206pt x 296.81937pt.
<media/colorcheck_render.png, id=246, 867.24pt x 578.16pt>
File: media/colorcheck_render.png Graphic file (type png)
<use media/colorcheck_render.png>
Package pdftex.def Info: media/colorcheck_render.png  used on input line 151.
(pdftex.def)             Requested size: 222.62206pt x 148.41249pt.
 [6 <./media/spectralLab.jpeg> <./media/398.jpg> <./media/items.jpeg> <./media/Spectrophotometer2.jpeg>]
<media/colorcheck_chromacity.png, id=255, 462.528pt x 462.528pt>
File: media/colorcheck_chromacity.png Graphic file (type png)
<use media/colorcheck_chromacity.png>
Package pdftex.def Info: media/colorcheck_chromacity.png  used on input line 158.
(pdftex.def)             Requested size: 222.62206pt x 222.62492pt.
 [7 <./media/colorcheck_render.png> <./media/colorcheck_chromacity.png>]
<media/all_errors.png, id=280, 867.24pt x 433.62pt>
File: media/all_errors.png Graphic file (type png)
<use media/all_errors.png>
Package pdftex.def Info: media/all_errors.png  used on input line 254.
(pdftex.def)             Requested size: 222.62206pt x 111.30937pt.
 [8 <./media/all_errors.png>]
<media/timing_comparison.png, id=290, 1011.78pt x 505.89pt>
File: media/timing_comparison.png Graphic file (type png)
<use media/timing_comparison.png>
Package pdftex.def Info: media/timing_comparison.png  used on input line 279.
(pdftex.def)             Requested size: 233.75383pt x 116.87715pt.

Overfull \hbox (11.13177pt too wide) in paragraph at lines 279--280
 [] 
 []

<media/mse_comparison_exact_paths.png, id=291, 867.24pt x 578.16pt>
File: media/mse_comparison_exact_paths.png Graphic file (type png)
<use media/mse_comparison_exact_paths.png>
Package pdftex.def Info: media/mse_comparison_exact_paths.png  used on input line 286.
(pdftex.def)             Requested size: 222.62206pt x 148.41249pt.
<media/placeholder.jpg, id=292, 361.35pt x 361.35pt>
File: media/placeholder.jpg Graphic file (type jpg)
<use media/placeholder.jpg>
Package pdftex.def Info: media/placeholder.jpg  used on input line 300.
(pdftex.def)             Requested size: 222.62206pt x 222.62317pt.
File: media/placeholder.jpg Graphic file (type jpg)
<use media/placeholder.jpg>
Package pdftex.def Info: media/placeholder.jpg  used on input line 311.
(pdftex.def)             Requested size: 222.62206pt x 222.62317pt.
[9 <./media/timing_comparison.png> <./media/mse_comparison_exact_paths.png> <./media/placeholder.jpg>]
<media/mse_comparison_exact_paths_n2_2.png, id=303, 867.24pt x 578.16pt>
File: media/mse_comparison_exact_paths_n2_2.png Graphic file (type png)
<use media/mse_comparison_exact_paths_n2_2.png>
Package pdftex.def Info: media/mse_comparison_exact_paths_n2_2.png  used on input line 328.
(pdftex.def)             Requested size: 222.62206pt x 148.41249pt.
) (./sections/4_evaluation.tex [10 <./media/mse_comparison_exact_paths_n2_2.png>]
<media/deltaE_vs_k_mse.png, id=313, 722.7pt x 433.62pt>
File: media/deltaE_vs_k_mse.png Graphic file (type png)
<use media/deltaE_vs_k_mse.png>
Package pdftex.def Info: media/deltaE_vs_k_mse.png  used on input line 14.
(pdftex.def)             Requested size: 222.62206pt x 133.5739pt.
<media/k3top1_spectra.png, id=314, 875.4306pt x 730.8906pt>
File: media/k3top1_spectra.png Graphic file (type png)
<use media/k3top1_spectra.png>
Package pdftex.def Info: media/k3top1_spectra.png  used on input line 25.
(pdftex.def)             Requested size: 222.62206pt x 185.85605pt.
<media/n3MSEMacbeth.png, id=316, 701.7417pt x 468.3096pt>
File: media/n3MSEMacbeth.png Graphic file (type png)
<use media/n3MSEMacbeth.png>
Package pdftex.def Info: media/n3MSEMacbeth.png  used on input line 36.
(pdftex.def)             Requested size: 222.62206pt x 148.56158pt.
<media/k4top1_spectra.png, id=318, 875.4306pt x 730.8906pt>
File: media/k4top1_spectra.png Graphic file (type png)
<use media/k4top1_spectra.png>
Package pdftex.def Info: media/k4top1_spectra.png  used on input line 48.
(pdftex.def)             Requested size: 222.62206pt x 185.85605pt.
<media/k5top1_spectra.png, id=319, 875.4306pt x 730.8906pt>
File: media/k5top1_spectra.png Graphic file (type png)
<use media/k5top1_spectra.png>
Package pdftex.def Info: media/k5top1_spectra.png  used on input line 56.
(pdftex.def)             Requested size: 222.62206pt x 185.85605pt.
 [11 <./media/deltaE_vs_k_mse.png> <./media/k3top1_spectra.png> <./media/n3MSEMacbeth.png> <./media/k4top1_spectra.png>]
<media/k5Macbeth_render_rank_0.png, id=335, 701.7417pt x 468.3096pt>
File: media/k5Macbeth_render_rank_0.png Graphic file (type png)
<use media/k5Macbeth_render_rank_0.png>
Package pdftex.def Info: media/k5Macbeth_render_rank_0.png  used on input line 62.
(pdftex.def)             Requested size: 222.62206pt x 148.56158pt.
<media/k6top1_spectra.png, id=336, 875.4306pt x 730.8906pt>
File: media/k6top1_spectra.png Graphic file (type png)
<use media/k6top1_spectra.png>
Package pdftex.def Info: media/k6top1_spectra.png  used on input line 86.
(pdftex.def)             Requested size: 222.62206pt x 185.85605pt.
) (./sections/5_conclusion.tex) [12 <./media/k5top1_spectra.png> <./media/k5Macbeth_render_rank_0.png> <./media/k6top1_spectra.png>] (./main.bbl [13

]
Underfull \hbox (badness 3375) in paragraph at lines 53--55
[]\OT1/cmr/m/n/10.95 (+20) U.S. Ge-o-log-i-cal Sur-vey, ``Land-sat 1.'' []$\OT1/cmtt/m/n/10.95 https : / / www . usgs . gov / landsat-[]missions /
 []

[14]) [15] (./sections/6_appendix.tex [16])

Package glossaries Warning: No \printglossary or \printglossaries found. 
(Remove \makeglossaries if you don't want any glossaries.) 
This document will not have a glossary.

[17] (./main.aux)
 ***********
LaTeX2e <2025-11-01>
L3 programming layer <2026-01-19>
 ***********


LaTeX Font Warning: Size substitutions with differences
(Font)              up to 0.88pt have occurred.


LaTeX Warning: Label(s) may have changed. Rerun to get cross-references right.

Package rerunfilecheck Info: File `main.out' has not changed.
(rerunfilecheck)             Checksum: 7C3224379A3152B59659AE7C6DF5AE44;3318.
 ) 
Here is how much of TeX's memory you used:
 22351 strings out of 467525
 413014 string characters out of 5418983
 922314 words of memory out of 5000000
 50710 multiletter control sequences out of 15000+600000
 641666 words of font info for 151 fonts, out of 8000000 for 9000
 1141 hyphenation exceptions out of 8191
 93i,10n,117p,2580b,777s stack positions out of 10000i,1000n,20000p,200000b,200000s
</usr/local/texlive/2026/texmf-dist/fonts/type1/public/amsfonts/cm/cmbx10.pfb></usr/local/texlive/2026/texmf-dist/fonts/type1/public/amsfonts/cm/cmbx12.pfb></usr/local/texlive/2026/texmf-dist/fonts/type1/public/amsfonts/cm/cmbx8.pfb></usr/local/texlive/2026/texmf-dist/fonts/type1/public/amsfonts/cm/cmex10.pfb></usr/local/texlive/2026/texmf-dist/fonts/type1/public/amsfonts/cm/cmmi10.pfb></usr/local/texlive/2026/texmf-dist/fonts/type1/public/amsfonts/cm/cmmi6.pfb></usr/local/texlive/2026/texmf-dist/fonts/type1/public/amsfonts/cm/cmmi8.pfb></usr/local/texlive/2026/texmf-dist/fonts/type1/public/amsfonts/cm/cmmib10.pfb></usr/local/texlive/2026/texmf-dist/fonts/type1/public/amsfonts/cm/cmr10.pfb></usr/local/texlive/2026/texmf-dist/fonts/type1/public/amsfonts/cm/cmr17.pfb></usr/local/texlive/2026/texmf-dist/fonts/type1/public/amsfonts/cm/cmr8.pfb></usr/local/texlive/2026/texmf-dist/fonts/type1/public/amsfonts/cm/cmsy10.pfb></usr/local/texlive/2026/texmf-dist/fonts/type1/public/amsfonts/cm/cmsy8.pfb></usr/local/texlive/2026/texmf-dist/fonts/type1/public/amsfonts/cm/cmti10.pfb></usr/local/texlive/2026/texmf-dist/fonts/type1/public/amsfonts/cm/cmtt10.pfb></usr/local/texlive/2026/texmf-dist/fonts/type1/public/cm-super/sfrm1095.pfb>
Output written on main.pdf (19 pages, 28583754 bytes).
PDF statistics:
 477 PDF objects out of 1000 (max. 8388607)
 374 compressed objects within 4 object streams
 120 named destinations out of 1000 (max. 500000)
 31557 words of extra memory for PDF output out of 35830 (max. 10000000)

